  AppDelegate.cpp
d:\program files (x86)\microsoft visual studio\2017\community\vc\tools\msvc\14.16.27023\include\xlocale(319): warning C4530: 使用了 C++ 异常处理程序，但未启用展开语义。请指定 /EHsc
libtiff-2015.lib(tif_win32.obj) : warning LNK4075: 忽略“/EDITANDCONTINUE”(由于“/INCREMENTAL:NO”规范)
    正在创建库 D:\checkframe\client_project\build\jsb-default\frameworks\runtime-src\proj.win32\Release.win32\client_project.lib 和对象 D:\checkframe\client_project\build\jsb-default\frameworks\runtime-src\proj.win32\Release.win32\client_project.exp
LINK : warning LNK4098: 默认库“LIBCMT”与其他库的使用冲突；请使用 /NODEFAULTLIB:library
jsb_module_register.obj : warning LNK4217: 本地定义的符号 ?clear@AutoreleasePool@cocos2d@@QAEXXZ (public: void __thiscall cocos2d::AutoreleasePool::clear(void)) 在函数 "private: virtual void __thiscall std::_Func_impl_no_alloc<class <lambda_c5b63d1ec35da9f45e52f6b07e0fc7b5>,void>::_Do_call(void)" (?_Do_call@?$_Func_impl_no_alloc@V<lambda_c5b63d1ec35da9f45e52f6b07e0fc7b5>@@X$$V@std@@EAEXXZ) 中导入
jsb_module_register.obj : warning LNK4217: 本地定义的符号 ?getInstance@PoolManager@cocos2d@@SAPAV12@XZ (public: static class cocos2d::PoolManager * __cdecl cocos2d::PoolManager::getInstance(void)) 在函数 "private: virtual void __thiscall std::_Func_impl_no_alloc<class <lambda_c5b63d1ec35da9f45e52f6b07e0fc7b5>,void>::_Do_call(void)" (?_Do_call@?$_Func_impl_no_alloc@V<lambda_c5b63d1ec35da9f45e52f6b07e0fc7b5>@@X$$V@std@@EAEXXZ) 中导入
jsb_module_register.obj : warning LNK4217: 本地定义的符号 ?getCurrentPool@PoolManager@cocos2d@@QBEPAVAutoreleasePool@2@XZ (public: class cocos2d::AutoreleasePool * __thiscall cocos2d::PoolManager::getCurrentPool(void)const ) 在函数 "private: virtual void __thiscall std::_Func_impl_no_alloc<class <lambda_c5b63d1ec35da9f45e52f6b07e0fc7b5>,void>::_Do_call(void)" (?_Do_call@?$_Func_impl_no_alloc@V<lambda_c5b63d1ec35da9f45e52f6b07e0fc7b5>@@X$$V@std@@EAEXXZ) 中导入
main.obj : warning LNK4217: 本地定义的符号 ?start@Application@cocos2d@@QAEXXZ (public: void __thiscall cocos2d::Application::start(void)) 在函数 _wWinMain@16 中导入
AppDelegate.obj : warning LNK4217: 本地定义的符号 ??0Application@cocos2d@@QAE@ABV?$basic_string@DU?$char_traits@D@std@@V?$allocator@D@2@@std@@HH@Z (public: __thiscall cocos2d::Application::Application(class std::basic_string<char,struct std::char_traits<char>,class std::allocator<char> > const &,int,int)) 在函数 "public: __thiscall AppDelegate::AppDelegate(int,int)" (??0AppDelegate@@QAE@HH@Z) 中导入
AppDelegate.obj : warning LNK4217: 本地定义的符号 ??1Application@cocos2d@@UAE@XZ (public: virtual __thiscall cocos2d::Application::~Application(void)) 在函数 "public: virtual __thiscall AppDelegate::~AppDelegate(void)" (??1AppDelegate@@UAE@XZ) 中导入
libtiff-2015.lib(tif_aux.obj) : warning LNK4099: 未找到 PDB“vc140.pdb”(使用“libtiff-2015.lib(tif_aux.obj)”或在“D:\checkframe\client_project\build\jsb-default\frameworks\runtime-src\proj.win32\Release.win32\vc140.pdb”中寻找)；正在链接对象，如同没有调试信息一样
libtiff-2015.lib(tif_close.obj) : warning LNK4099: 未找到 PDB“vc140.pdb”(使用“libtiff-2015.lib(tif_close.obj)”或在“D:\checkframe\client_project\build\jsb-default\frameworks\runtime-src\proj.win32\Release.win32\vc140.pdb”中寻找)；正在链接对象，如同没有调试信息一样
libtiff-2015.lib(tif_codec.obj) : warning LNK4099: 未找到 PDB“vc140.pdb”(使用“libtiff-2015.lib(tif_codec.obj)”或在“D:\checkframe\client_project\build\jsb-default\frameworks\runtime-src\proj.win32\Release.win32\vc140.pdb”中寻找)；正在链接对象，如同没有调试信息一样
libtiff-2015.lib(tif_color.obj) : warning LNK4099: 未找到 PDB“vc140.pdb”(使用“libtiff-2015.lib(tif_color.obj)”或在“D:\checkframe\client_project\build\jsb-default\frameworks\runtime-src\proj.win32\Release.win32\vc140.pdb”中寻找)；正在链接对象，如同没有调试信息一样
libtiff-2015.lib(tif_compress.obj) : warning LNK4099: 未找到 PDB“vc140.pdb”(使用“libtiff-2015.lib(tif_compress.obj)”或在“D:\checkframe\client_project\build\jsb-default\frameworks\runtime-src\proj.win32\Release.win32\vc140.pdb”中寻找)；正在链接对象，如同没有调试信息一样
libtiff-2015.lib(tif_dir.obj) : warning LNK4099: 未找到 PDB“vc140.pdb”(使用“libtiff-2015.lib(tif_dir.obj)”或在“D:\checkframe\client_project\build\jsb-default\frameworks\runtime-src\proj.win32\Release.win32\vc140.pdb”中寻找)；正在链接对象，如同没有调试信息一样
libtiff-2015.lib(tif_dirinfo.obj) : warning LNK4099: 未找到 PDB“vc140.pdb”(使用“libtiff-2015.lib(tif_dirinfo.obj)”或在“D:\checkframe\client_project\build\jsb-default\frameworks\runtime-src\proj.win32\Release.win32\vc140.pdb”中寻找)；正在链接对象，如同没有调试信息一样
libtiff-2015.lib(tif_dirread.obj) : warning LNK4099: 未找到 PDB“vc140.pdb”(使用“libtiff-2015.lib(tif_dirread.obj)”或在“D:\checkframe\client_project\build\jsb-default\frameworks\runtime-src\proj.win32\Release.win32\vc140.pdb”中寻找)；正在链接对象，如同没有调试信息一样
libtiff-2015.lib(tif_dirwrite.obj) : warning LNK4099: 未找到 PDB“vc140.pdb”(使用“libtiff-2015.lib(tif_dirwrite.obj)”或在“D:\checkframe\client_project\build\jsb-default\frameworks\runtime-src\proj.win32\Release.win32\vc140.pdb”中寻找)；正在链接对象，如同没有调试信息一样
libtiff-2015.lib(tif_dumpmode.obj) : warning LNK4099: 未找到 PDB“vc140.pdb”(使用“libtiff-2015.lib(tif_dumpmode.obj)”或在“D:\checkframe\client_project\build\jsb-default\frameworks\runtime-src\proj.win32\Release.win32\vc140.pdb”中寻找)；正在链接对象，如同没有调试信息一样
libtiff-2015.lib(tif_error.obj) : warning LNK4099: 未找到 PDB“vc140.pdb”(使用“libtiff-2015.lib(tif_error.obj)”或在“D:\checkframe\client_project\build\jsb-default\frameworks\runtime-src\proj.win32\Release.win32\vc140.pdb”中寻找)；正在链接对象，如同没有调试信息一样
libtiff-2015.lib(tif_fax3.obj) : warning LNK4099: 未找到 PDB“vc140.pdb”(使用“libtiff-2015.lib(tif_fax3.obj)”或在“D:\checkframe\client_project\build\jsb-default\frameworks\runtime-src\proj.win32\Release.win32\vc140.pdb”中寻找)；正在链接对象，如同没有调试信息一样
libtiff-2015.lib(tif_fax3sm.obj) : warning LNK4099: 未找到 PDB“vc140.pdb”(使用“libtiff-2015.lib(tif_fax3sm.obj)”或在“D:\checkframe\client_project\build\jsb-default\frameworks\runtime-src\proj.win32\Release.win32\vc140.pdb”中寻找)；正在链接对象，如同没有调试信息一样
libtiff-2015.lib(tif_getimage.obj) : warning LNK4099: 未找到 PDB“vc140.pdb”(使用“libtiff-2015.lib(tif_getimage.obj)”或在“D:\checkframe\client_project\build\jsb-default\frameworks\runtime-src\proj.win32\Release.win32\vc140.pdb”中寻找)；正在链接对象，如同没有调试信息一样
libtiff-2015.lib(tif_flush.obj) : warning LNK4099: 未找到 PDB“vc140.pdb”(使用“libtiff-2015.lib(tif_flush.obj)”或在“D:\checkframe\client_project\build\jsb-default\frameworks\runtime-src\proj.win32\Release.win32\vc140.pdb”中寻找)；正在链接对象，如同没有调试信息一样
libtiff-2015.lib(tif_luv.obj) : warning LNK4099: 未找到 PDB“vc140.pdb”(使用“libtiff-2015.lib(tif_luv.obj)”或在“D:\checkframe\client_project\build\jsb-default\frameworks\runtime-src\proj.win32\Release.win32\vc140.pdb”中寻找)；正在链接对象，如同没有调试信息一样
libtiff-2015.lib(tif_lzw.obj) : warning LNK4099: 未找到 PDB“vc140.pdb”(使用“libtiff-2015.lib(tif_lzw.obj)”或在“D:\checkframe\client_project\build\jsb-default\frameworks\runtime-src\proj.win32\Release.win32\vc140.pdb”中寻找)；正在链接对象，如同没有调试信息一样
libtiff-2015.lib(tif_next.obj) : warning LNK4099: 未找到 PDB“vc140.pdb”(使用“libtiff-2015.lib(tif_next.obj)”或在“D:\checkframe\client_project\build\jsb-default\frameworks\runtime-src\proj.win32\Release.win32\vc140.pdb”中寻找)；正在链接对象，如同没有调试信息一样
libtiff-2015.lib(tif_open.obj) : warning LNK4099: 未找到 PDB“vc140.pdb”(使用“libtiff-2015.lib(tif_open.obj)”或在“D:\checkframe\client_project\build\jsb-default\frameworks\runtime-src\proj.win32\Release.win32\vc140.pdb”中寻找)；正在链接对象，如同没有调试信息一样
libtiff-2015.lib(tif_packbits.obj) : warning LNK4099: 未找到 PDB“vc140.pdb”(使用“libtiff-2015.lib(tif_packbits.obj)”或在“D:\checkframe\client_project\build\jsb-default\frameworks\runtime-src\proj.win32\Release.win32\vc140.pdb”中寻找)；正在链接对象，如同没有调试信息一样
libtiff-2015.lib(tif_predict.obj) : warning LNK4099: 未找到 PDB“vc140.pdb”(使用“libtiff-2015.lib(tif_predict.obj)”或在“D:\checkframe\client_project\build\jsb-default\frameworks\runtime-src\proj.win32\Release.win32\vc140.pdb”中寻找)；正在链接对象，如同没有调试信息一样
libtiff-2015.lib(tif_read.obj) : warning LNK4099: 未找到 PDB“vc140.pdb”(使用“libtiff-2015.lib(tif_read.obj)”或在“D:\checkframe\client_project\build\jsb-default\frameworks\runtime-src\proj.win32\Release.win32\vc140.pdb”中寻找)；正在链接对象，如同没有调试信息一样
libtiff-2015.lib(tif_swab.obj) : warning LNK4099: 未找到 PDB“vc140.pdb”(使用“libtiff-2015.lib(tif_swab.obj)”或在“D:\checkframe\client_project\build\jsb-default\frameworks\runtime-src\proj.win32\Release.win32\vc140.pdb”中寻找)；正在链接对象，如同没有调试信息一样
libtiff-2015.lib(tif_strip.obj) : warning LNK4099: 未找到 PDB“vc140.pdb”(使用“libtiff-2015.lib(tif_strip.obj)”或在“D:\checkframe\client_project\build\jsb-default\frameworks\runtime-src\proj.win32\Release.win32\vc140.pdb”中寻找)；正在链接对象，如同没有调试信息一样
libtiff-2015.lib(tif_thunder.obj) : warning LNK4099: 未找到 PDB“vc140.pdb”(使用“libtiff-2015.lib(tif_thunder.obj)”或在“D:\checkframe\client_project\build\jsb-default\frameworks\runtime-src\proj.win32\Release.win32\vc140.pdb”中寻找)；正在链接对象，如同没有调试信息一样
libtiff-2015.lib(tif_tile.obj) : warning LNK4099: 未找到 PDB“vc140.pdb”(使用“libtiff-2015.lib(tif_tile.obj)”或在“D:\checkframe\client_project\build\jsb-default\frameworks\runtime-src\proj.win32\Release.win32\vc140.pdb”中寻找)；正在链接对象，如同没有调试信息一样
libtiff-2015.lib(tif_warning.obj) : warning LNK4099: 未找到 PDB“vc140.pdb”(使用“libtiff-2015.lib(tif_warning.obj)”或在“D:\checkframe\client_project\build\jsb-default\frameworks\runtime-src\proj.win32\Release.win32\vc140.pdb”中寻找)；正在链接对象，如同没有调试信息一样
libtiff-2015.lib(tif_write.obj) : warning LNK4099: 未找到 PDB“vc140.pdb”(使用“libtiff-2015.lib(tif_write.obj)”或在“D:\checkframe\client_project\build\jsb-default\frameworks\runtime-src\proj.win32\Release.win32\vc140.pdb”中寻找)；正在链接对象，如同没有调试信息一样
libtiff-2015.lib(tif_win32.obj) : warning LNK4099: 未找到 PDB“vc140.pdb”(使用“libtiff-2015.lib(tif_win32.obj)”或在“D:\checkframe\client_project\build\jsb-default\frameworks\runtime-src\proj.win32\Release.win32\vc140.pdb”中寻找)；正在链接对象，如同没有调试信息一样
  client_project.vcxproj -> D:\checkframe\client_project\build\jsb-default\frameworks\runtime-src\proj.win32\Release.win32\client_project.exe
  Performing Custom Build Step
  D:\checkframe\client_project\build\jsb-default\src\cocos2d-jsb.jsc -> D:\checkframe\client_project\build\jsb-default\frameworks\runtime-src\proj.win32\Release.win32\src\cocos2d-jsb.jsc
  D:\checkframe\client_project\build\jsb-default\src\project.jsc -> D:\checkframe\client_project\build\jsb-default\frameworks\runtime-src\proj.win32\Release.win32\src\project.jsc
  D:\checkframe\client_project\build\jsb-default\src\settings.jsc -> D:\checkframe\client_project\build\jsb-default\frameworks\runtime-src\proj.win32\Release.win32\src\settings.jsc
  复制了 3 个文件
  D:\checkframe\client_project\build\jsb-default\res\import\03\0364ee34a.json -> D:\checkframe\client_project\build\jsb-default\frameworks\runtime-src\proj.win32\Release.win32\res\import\03\0364ee34a.json
  D:\checkframe\client_project\build\jsb-default\res\import\09\09582c7b2.json -> D:\checkframe\client_project\build\jsb-default\frameworks\runtime-src\proj.win32\Release.win32\res\import\09\09582c7b2.json
  D:\checkframe\client_project\build\jsb-default\res\import\0c\0cd4bb050.json -> D:\checkframe\client_project\build\jsb-default\frameworks\runtime-src\proj.win32\Release.win32\res\import\0c\0cd4bb050.json
  D:\checkframe\client_project\build\jsb-default\res\import\0d\0d797e0af.json -> D:\checkframe\client_project\build\jsb-default\frameworks\runtime-src\proj.win32\Release.win32\res\import\0d\0d797e0af.json
  D:\checkframe\client_project\build\jsb-default\res\import\0e\0e93aeaa-0b53-4e40-b8e0-6268b4e07bd7.json -> D:\checkframe\client_project\build\jsb-default\frameworks\runtime-src\proj.win32\Release.win32\res\import\0e\0e93aeaa-0b53-4e40-b8e0-6268b4e07bd7.json
  D:\checkframe\client_project\build\jsb-default\res\import\14\144c3297-af63-49e8-b8ef-1cfa29b3be28.json -> D:\checkframe\client_project\build\jsb-default\frameworks\runtime-src\proj.win32\Release.win32\res\import\14\144c3297-af63-49e8-b8ef-1cfa29b3be28.json
  D:\checkframe\client_project\build\jsb-default\res\import\28\2874f8dd-416c-4440-81b7-555975426e93.json -> D:\checkframe\client_project\build\jsb-default\frameworks\runtime-src\proj.win32\Release.win32\res\import\28\2874f8dd-416c-4440-81b7-555975426e93.json
  D:\checkframe\client_project\build\jsb-default\res\import\2a\2a296057-247c-4a1c-bbeb-0548b6c98650.json -> D:\checkframe\client_project\build\jsb-default\frameworks\runtime-src\proj.win32\Release.win32\res\import\2a\2a296057-247c-4a1c-bbeb-0548b6c98650.json
  D:\checkframe\client_project\build\jsb-default\res\import\2a\2a7c0036-e0b3-4fe1-8998-89a54b8a2bec.json -> D:\checkframe\client_project\build\jsb-default\frameworks\runtime-src\proj.win32\Release.win32\res\import\2a\2a7c0036-e0b3-4fe1-8998-89a54b8a2bec.json
  D:\checkframe\client_project\build\jsb-default\res\import\3a\3a7bb79f-32fd-422e-ada2-96f518fed422.json -> D:\checkframe\client_project\build\jsb-default\frameworks\runtime-src\proj.win32\Release.win32\res\import\3a\3a7bb79f-32fd-422e-ada2-96f518fed422.json
  D:\checkframe\client_project\build\jsb-default\res\import\46\466d4f9b-e5f4-4ea8-85d5-3c6e9a65658a.json -> D:\checkframe\client_project\build\jsb-default\frameworks\runtime-src\proj.win32\Release.win32\res\import\46\466d4f9b-e5f4-4ea8-85d5-3c6e9a65658a.json
  D:\checkframe\client_project\build\jsb-default\res\import\5e\5e9fa9a1-c6a0-4fcb-9cab-8bf22d49c771.json -> D:\checkframe\client_project\build\jsb-default\frameworks\runtime-src\proj.win32\Release.win32\res\import\5e\5e9fa9a1-c6a0-4fcb-9cab-8bf22d49c771.json
  D:\checkframe\client_project\build\jsb-default\res\import\6d\6d91e591-4ce0-465c-809f-610ec95019c6.json -> D:\checkframe\client_project\build\jsb-default\frameworks\runtime-src\proj.win32\Release.win32\res\import\6d\6d91e591-4ce0-465c-809f-610ec95019c6.json
  D:\checkframe\client_project\build\jsb-default\res\import\6f\6f801092-0c37-4f30-89ef-c8d960825b36.json -> D:\checkframe\client_project\build\jsb-default\frameworks\runtime-src\proj.win32\Release.win32\res\import\6f\6f801092-0c37-4f30-89ef-c8d960825b36.json
  D:\checkframe\client_project\build\jsb-default\res\import\7a\7afd064b-113f-480e-b793-8817d19f63c3.json -> D:\checkframe\client_project\build\jsb-default\frameworks\runtime-src\proj.win32\Release.win32\res\import\7a\7afd064b-113f-480e-b793-8817d19f63c3.json
  D:\checkframe\client_project\build\jsb-default\res\import\c0\c0040c95-c57f-49cd-9cbc-12316b73d0d4.json -> D:\checkframe\client_project\build\jsb-default\frameworks\runtime-src\proj.win32\Release.win32\res\import\c0\c0040c95-c57f-49cd-9cbc-12316b73d0d4.json
  D:\checkframe\client_project\build\jsb-default\res\import\cf\cf7e0bb8-a81c-44a9-ad79-d28d43991032.json -> D:\checkframe\client_project\build\jsb-default\frameworks\runtime-src\proj.win32\Release.win32\res\import\cf\cf7e0bb8-a81c-44a9-ad79-d28d43991032.json
  D:\checkframe\client_project\build\jsb-default\res\import\eb\eb514f5f-4725-41b8-9568-2643e4af2871.json -> D:\checkframe\client_project\build\jsb-default\frameworks\runtime-src\proj.win32\Release.win32\res\import\eb\eb514f5f-4725-41b8-9568-2643e4af2871.json
  D:\checkframe\client_project\build\jsb-default\res\import\ec\eca5d2f2-8ef6-41c2-bbe6-f9c79d09c432.json -> D:\checkframe\client_project\build\jsb-default\frameworks\runtime-src\proj.win32\Release.win32\res\import\ec\eca5d2f2-8ef6-41c2-bbe6-f9c79d09c432.json
  D:\checkframe\client_project\build\jsb-default\res\raw-assets\02\0275e94c-56a7-410f-bd1a-fc7483f7d14a.png -> D:\checkframe\client_project\build\jsb-default\frameworks\runtime-src\proj.win32\Release.win32\res\raw-assets\02\0275e94c-56a7-410f-bd1a-fc7483f7d14a.png
  D:\checkframe\client_project\build\jsb-default\res\raw-assets\0f\0f0d9bf9-c718-4ab0-bd20-f7a4bfe5909c.png -> D:\checkframe\client_project\build\jsb-default\frameworks\runtime-src\proj.win32\Release.win32\res\raw-assets\0f\0f0d9bf9-c718-4ab0-bd20-f7a4bfe5909c.png
  D:\checkframe\client_project\build\jsb-default\res\raw-assets\58\58b3a98d-fb96-461f-9e82-8d1f79931f25.jpg -> D:\checkframe\client_project\build\jsb-default\frameworks\runtime-src\proj.win32\Release.win32\res\raw-assets\58\58b3a98d-fb96-461f-9e82-8d1f79931f25.jpg
  D:\checkframe\client_project\build\jsb-default\res\raw-assets\5e\5e9fa9a1-c6a0-4fcb-9cab-8bf22d49c771.mp3 -> D:\checkframe\client_project\build\jsb-default\frameworks\runtime-src\proj.win32\Release.win32\res\raw-assets\5e\5e9fa9a1-c6a0-4fcb-9cab-8bf22d49c771.mp3
  D:\checkframe\client_project\build\jsb-default\res\raw-assets\92\928494be-49d2-4a61-b99a-fa4280fc5c3e.png -> D:\checkframe\client_project\build\jsb-default\frameworks\runtime-src\proj.win32\Release.win32\res\raw-assets\92\928494be-49d2-4a61-b99a-fa4280fc5c3e.png
  D:\checkframe\client_project\build\jsb-default\res\raw-assets\a1\a19f2dcf-0f50-4268-b3a0-bbdc1492fb16.png -> D:\checkframe\client_project\build\jsb-default\frameworks\runtime-src\proj.win32\Release.win32\res\raw-assets\a1\a19f2dcf-0f50-4268-b3a0-bbdc1492fb16.png
  D:\checkframe\client_project\build\jsb-default\res\raw-assets\c7\c7e7f505-0e8f-4e9e-bd0f-e728f8fad8e8.png -> D:\checkframe\client_project\build\jsb-default\frameworks\runtime-src\proj.win32\Release.win32\res\raw-assets\c7\c7e7f505-0e8f-4e9e-bd0f-e728f8fad8e8.png
  D:\checkframe\client_project\build\jsb-default\res\raw-assets\eb\eb514f5f-4725-41b8-9568-2643e4af2871.mp3 -> D:\checkframe\client_project\build\jsb-default\frameworks\runtime-src\proj.win32\Release.win32\res\raw-assets\eb\eb514f5f-4725-41b8-9568-2643e4af2871.mp3
  复制了 27 个文件
  D:\checkframe\client_project\build\jsb-default\jsb-adapter\jsb-builtin.js -> D:\checkframe\client_project\build\jsb-default\frameworks\runtime-src\proj.win32\Release.win32\jsb-adapter\jsb-builtin.js
  D:\checkframe\client_project\build\jsb-default\jsb-adapter\jsb-engine.js -> D:\checkframe\client_project\build\jsb-default\frameworks\runtime-src\proj.win32\Release.win32\jsb-adapter\jsb-engine.js
  复制了 2 个文件
  已复制         1 个文件。
  已复制         1 个文件。
